<?xml version="1.0" encoding="UTF-8"?>
<!-- Generated by org.testng.reporters.JUnitXMLReporter -->
<testsuite ignored="0" hostname="Aravindanaths-MacBook-Pro.local" failures="0" tests="4" name="Automation Suite on chrome" time="14.183" errors="0" timestamp="2022-09-24T16:47:25 IST">
  <testcase classname="day1.TC_Search_004" name="TC_Search_001" time="9.393"/>
  <testcase classname="day1.TC_Search_002" name="TC_Search_001" time="9.693"/>
  <testcase classname="day1.TC_Search_001" name="TC_Search_001" time="9.947"/>
  <testcase classname="day1.TC_Search_003" name="TC_Search_001" time="11.44"/>
</testsuite> <!-- Automation Suite on chrome -->
